INFO  | 2020-09-19 16:00:04 | [main] JavaMaven.App (App.java:18) - Hello, World Will Be Printed On Info
WARN  | 2020-09-19 16:00:04 | [main] JavaMaven.App (App.java:19) - Hello, World Will Be Printed On Warn
ERROR | 2020-09-19 16:00:04 | [main] JavaMaven.App (App.java:20) - Hello, World Will Be Printed On Error
FATAL | 2020-09-19 16:00:04 | [main] JavaMaven.App (App.java:21) - Hello, World Will Be Printed On Fatal
INFO  | 2020-09-19 16:00:04 | [main] JavaMaven.App (App.java:22) - Appending string: Hello, World.
INFO  | 2020-09-20 19:29:27 | [main] JavaMaven.App (App.java:18) - Hello, World Will Be Printed On Info
WARN  | 2020-09-20 19:29:27 | [main] JavaMaven.App (App.java:19) - Hello, World Will Be Printed On Warn
ERROR | 2020-09-20 19:29:27 | [main] JavaMaven.App (App.java:20) - Hello, World Will Be Printed On Error
FATAL | 2020-09-20 19:29:27 | [main] JavaMaven.App (App.java:21) - Hello, World Will Be Printed On Fatal
INFO  | 2020-09-20 19:29:27 | [main] JavaMaven.App (App.java:22) - Appending string: Hello, World.
INFO  | 2020-09-21 11:33:09 | [main] JavaMaven.App (App.java:18) - Hello, World Will Be Printed On Info
WARN  | 2020-09-21 11:33:09 | [main] JavaMaven.App (App.java:19) - Hello, World Will Be Printed On Warn
ERROR | 2020-09-21 11:33:09 | [main] JavaMaven.App (App.java:20) - Hello, World Will Be Printed On Error
FATAL | 2020-09-21 11:33:09 | [main] JavaMaven.App (App.java:21) - Hello, World Will Be Printed On Fatal
INFO  | 2020-09-21 11:33:09 | [main] JavaMaven.App (App.java:22) - Appending string: Hello, World.
INFO  | 2020-09-21 14:37:32 | [main] JavaMaven.App (App.java:19) - Hello, World Will Be Printed On Info
WARN  | 2020-09-21 14:37:32 | [main] JavaMaven.App (App.java:20) - Hello, World Will Be Printed On Warn
ERROR | 2020-09-21 14:37:32 | [main] JavaMaven.App (App.java:21) - Hello, World Will Be Printed On Error
FATAL | 2020-09-21 14:37:32 | [main] JavaMaven.App (App.java:22) - Hello, World Will Be Printed On Fatal
INFO  | 2020-09-21 14:37:32 | [main] JavaMaven.App (App.java:23) - Appending string: Hello, World.
INFO  | 2020-09-21 14:37:48 | [main] JavaMaven.App (App.java:19) - Hello, World Will Be Printed On Info
WARN  | 2020-09-21 14:37:48 | [main] JavaMaven.App (App.java:20) - Hello, World Will Be Printed On Warn
ERROR | 2020-09-21 14:37:48 | [main] JavaMaven.App (App.java:21) - Hello, World Will Be Printed On Error
FATAL | 2020-09-21 14:37:48 | [main] JavaMaven.App (App.java:22) - Hello, World Will Be Printed On Fatal
INFO  | 2020-09-21 14:37:48 | [main] JavaMaven.App (App.java:23) - Appending string: Hello, World.
ERROR | 2020-09-21 14:38:03 | [main] JavaMaven.App (App.java:21) - Hello, World Will Be Printed On Error
FATAL | 2020-09-21 14:38:03 | [main] JavaMaven.App (App.java:22) - Hello, World Will Be Printed On Fatal
ERROR | 2020-09-21 14:38:21 | [main] JavaMaven.App (App.java:21) - Hello, World Will Be Printed On Error
FATAL | 2020-09-21 14:38:21 | [main] JavaMaven.App (App.java:22) - Hello, World Will Be Printed On Fatal
